2020-01-03 10:14:13.003  INFO 4008 --- [restartedMain] c.r.i.InterviewtrackingApplication       : Starting InterviewtrackingApplication on Dhanush-W8 with PID 4008 (D:\Interview-Tracking\interviewtracking\bin\main started by Dhanush in D:\Interview-Tracking\interviewtracking)
2020-01-03 10:14:13.011  INFO 4008 --- [restartedMain] c.r.i.InterviewtrackingApplication       : No active profile set, falling back to default profiles: default
2020-01-03 10:14:13.055  INFO 4008 --- [restartedMain] .e.DevToolsPropertyDefaultsPostProcessor : Devtools property defaults active! Set 'spring.devtools.add-properties' to 'false' to disable
2020-01-03 10:14:13.056  INFO 4008 --- [restartedMain] .e.DevToolsPropertyDefaultsPostProcessor : For additional web related logging consider setting the 'logging.level.web' property to 'DEBUG'
2020-01-03 10:14:13.787  INFO 4008 --- [restartedMain] .s.d.r.c.RepositoryConfigurationDelegate : Bootstrapping Spring Data repositories in DEFAULT mode.
2020-01-03 10:14:13.877  INFO 4008 --- [restartedMain] .s.d.r.c.RepositoryConfigurationDelegate : Finished Spring Data repository scanning in 83ms. Found 6 repository interfaces.
2020-01-03 10:14:14.265  INFO 4008 --- [restartedMain] trationDelegate$BeanPostProcessorChecker : Bean 'org.springframework.transaction.annotation.ProxyTransactionManagementConfiguration' of type [org.springframework.transaction.annotation.ProxyTransactionManagementConfiguration$$EnhancerBySpringCGLIB$$b6208805] is not eligible for getting processed by all BeanPostProcessors (for example: not eligible for auto-proxying)
2020-01-03 10:14:14.787  INFO 4008 --- [restartedMain] o.s.b.w.embedded.tomcat.TomcatWebServer  : Tomcat initialized with port(s): 8082 (http)
2020-01-03 10:14:14.812  INFO 4008 --- [restartedMain] o.apache.catalina.core.StandardService   : Starting service [Tomcat]
2020-01-03 10:14:14.812  INFO 4008 --- [restartedMain] org.apache.catalina.core.StandardEngine  : Starting Servlet engine: [Apache Tomcat/9.0.26]
2020-01-03 10:14:14.906  INFO 4008 --- [restartedMain] o.a.c.c.C.[Tomcat].[localhost].[/]       : Initializing Spring embedded WebApplicationContext
2020-01-03 10:14:14.906  INFO 4008 --- [restartedMain] o.s.web.context.ContextLoader            : Root WebApplicationContext: initialization completed in 1850 ms
2020-01-03 10:14:15.098  INFO 4008 --- [restartedMain] o.f.c.internal.license.VersionPrinter    : Flyway Community Edition 5.2.4 by Boxfuse
2020-01-03 10:14:15.104  INFO 4008 --- [restartedMain] com.zaxxer.hikari.HikariDataSource       : HikariPool-1 - Starting...
2020-01-03 10:14:15.247  INFO 4008 --- [restartedMain] com.zaxxer.hikari.HikariDataSource       : HikariPool-1 - Start completed.
2020-01-03 10:14:15.250  INFO 4008 --- [restartedMain] o.f.c.internal.database.DatabaseFactory  : Database: jdbc:mysql://localhost:3306/dbinterviewtracker (MySQL 5.6)
2020-01-03 10:14:15.374  INFO 4008 --- [restartedMain] o.f.core.internal.command.DbValidate     : Successfully validated 1 migration (execution time 00:00.057s)
2020-01-03 10:14:15.384  INFO 4008 --- [restartedMain] o.f.core.internal.command.DbMigrate      : Current version of schema `dbinterviewtracker`: 1
2020-01-03 10:14:15.385  INFO 4008 --- [restartedMain] o.f.core.internal.command.DbMigrate      : Schema `dbinterviewtracker` is up to date. No migration necessary.
2020-01-03 10:14:15.487  INFO 4008 --- [restartedMain] o.hibernate.jpa.internal.util.LogHelper  : HHH000204: Processing PersistenceUnitInfo [
	name: default
	...]
2020-01-03 10:14:15.539  INFO 4008 --- [restartedMain] org.hibernate.Version                    : HHH000412: Hibernate Core {5.3.12.Final}
2020-01-03 10:14:15.540  INFO 4008 --- [restartedMain] org.hibernate.cfg.Environment            : HHH000206: hibernate.properties not found
2020-01-03 10:14:15.667  INFO 4008 --- [restartedMain] o.hibernate.annotations.common.Version   : HCANN000001: Hibernate Commons Annotations {5.0.4.Final}
2020-01-03 10:14:15.802  INFO 4008 --- [restartedMain] org.hibernate.dialect.Dialect            : HHH000400: Using dialect: org.hibernate.dialect.MySQL5InnoDBDialect
2020-01-03 10:14:16.478  INFO 4008 --- [restartedMain] j.LocalContainerEntityManagerFactoryBean : Initialized JPA EntityManagerFactory for persistence unit 'default'
2020-01-03 10:14:16.726  INFO 4008 --- [restartedMain] o.h.h.i.QueryTranslatorFactoryInitiator  : HHH000397: Using ASTQueryTranslatorFactory
2020-01-03 10:14:17.379  INFO 4008 --- [restartedMain] o.s.s.concurrent.ThreadPoolTaskExecutor  : Initializing ExecutorService 'applicationTaskExecutor'
2020-01-03 10:14:17.422  WARN 4008 --- [restartedMain] aWebConfiguration$JpaWebMvcConfiguration : spring.jpa.open-in-view is enabled by default. Therefore, database queries may be performed during view rendering. Explicitly configure spring.jpa.open-in-view to disable this warning
2020-01-03 10:14:17.625  INFO 4008 --- [restartedMain] o.s.b.d.a.OptionalLiveReloadServer       : LiveReload server is running on port 35729
2020-01-03 10:14:17.701  INFO 4008 --- [restartedMain] o.s.b.w.embedded.tomcat.TomcatWebServer  : Tomcat started on port(s): 8082 (http) with context path ''
2020-01-03 10:14:17.703  INFO 4008 --- [restartedMain] c.r.i.InterviewtrackingApplication       : Started InterviewtrackingApplication in 5.016 seconds (JVM running for 5.378)
2020-01-03 10:14:34.911  INFO 4008 --- [http-nio-8082-exec-2] o.a.c.c.C.[Tomcat].[localhost].[/]       : Initializing Spring DispatcherServlet 'dispatcherServlet'
2020-01-03 10:14:34.912  INFO 4008 --- [http-nio-8082-exec-2] o.s.web.servlet.DispatcherServlet        : Initializing Servlet 'dispatcherServlet'
2020-01-03 10:14:34.919  INFO 4008 --- [http-nio-8082-exec-2] o.s.web.servlet.DispatcherServlet        : Completed initialization in 7 ms
2020-01-03 10:14:35.033  INFO 4008 --- [http-nio-8082-exec-2] c.r.i.service.LoggingServiceImpl         : REQUEST method=[POST] path=[/candidate] headers=[{content-length=409, postman-token=48facbac-f4cc-46b3-aa42-e17eb7ec05d5, host=localhost:8082, content-type=application/json, connection=keep-alive, cache-control=no-cache, accept-encoding=gzip, deflate, user-agent=PostmanRuntime/7.21.0, accept=*/*}] body=[CandidateDto(id=0, name=dhanush, address=mangalore, dateOfBirth=1997-01-17, qualification=BE, totalExperience=0, experience=[2, 5, 2, 5], noticePeriod=3, salaryExpectation=45000.0, ableToRelocate=true, currentSalary=25000.0, skills=[c++, c, python, java], gender=M, phone=123456789, email=jokervrao@gmail.com, isDeleted=false, isShortListed=false, createTimestamp=null, updateTimestamp=null, uniqueId=12345678915, previousCompany=null, finalResult=null, attemptCount=0, carrierStartDate=null, applicantType=null, postApplied=null, referalId=null, event=canara, interviewId=null)]
2020-01-03 10:14:35.211  INFO 4008 --- [http-nio-8082-exec-2] c.r.i.service.LoggingServiceImpl         : RESPONSE method=[POST] path=[/candidate] responseHeaders=[{}] responseBody=[CandidateDto(id=7, name=dhanush, address=mangalore, dateOfBirth=1997-01-17, qualification=BE, totalExperience=0, experience=[2, 5, 2, 5], noticePeriod=3, salaryExpectation=45000.0, ableToRelocate=true, currentSalary=25000.0, skills=[c++, c, python, java], gender=M, phone=123456789, email=jokervrao@gmail.com, isDeleted=false, isShortListed=false, createTimestamp=2020-01-02 16:06:22.0, updateTimestamp=2020-01-03 10:14:35.143, uniqueId=12345678915, previousCompany=null, finalResult=null, attemptCount=0, carrierStartDate=null, applicantType=null, postApplied=null, referalId=null,null,null,null,null,null,null,null,null,null,null,null,null,null,null,null,null, event=canara, interviewId=null)] 
2020-01-03 10:15:03.345  INFO 4008 --- [Thread-6] o.s.s.concurrent.ThreadPoolTaskExecutor  : Shutting down ExecutorService 'applicationTaskExecutor'
2020-01-03 10:15:03.347  INFO 4008 --- [Thread-6] j.LocalContainerEntityManagerFactoryBean : Closing JPA EntityManagerFactory for persistence unit 'default'
2020-01-03 10:15:03.350  INFO 4008 --- [Thread-6] com.zaxxer.hikari.HikariDataSource       : HikariPool-1 - Shutdown initiated...
2020-01-03 10:15:03.358  INFO 4008 --- [Thread-6] com.zaxxer.hikari.HikariDataSource       : HikariPool-1 - Shutdown completed.
2020-01-03 10:15:03.600  INFO 4008 --- [restartedMain] c.r.i.InterviewtrackingApplication       : Starting InterviewtrackingApplication on Dhanush-W8 with PID 4008 (D:\Interview-Tracking\interviewtracking\bin\main started by Dhanush in D:\Interview-Tracking\interviewtracking)
2020-01-03 10:15:03.600  INFO 4008 --- [restartedMain] c.r.i.InterviewtrackingApplication       : No active profile set, falling back to default profiles: default
2020-01-03 10:15:03.806  INFO 4008 --- [restartedMain] .s.d.r.c.RepositoryConfigurationDelegate : Bootstrapping Spring Data repositories in DEFAULT mode.
2020-01-03 10:15:03.829  INFO 4008 --- [restartedMain] .s.d.r.c.RepositoryConfigurationDelegate : Finished Spring Data repository scanning in 23ms. Found 6 repository interfaces.
2020-01-03 10:15:03.882  INFO 4008 --- [restartedMain] trationDelegate$BeanPostProcessorChecker : Bean 'org.springframework.transaction.annotation.ProxyTransactionManagementConfiguration' of type [org.springframework.transaction.annotation.ProxyTransactionManagementConfiguration$$EnhancerBySpringCGLIB$$b6208805] is not eligible for getting processed by all BeanPostProcessors (for example: not eligible for auto-proxying)
2020-01-03 10:15:03.963  INFO 4008 --- [restartedMain] o.s.b.w.embedded.tomcat.TomcatWebServer  : Tomcat initialized with port(s): 8082 (http)
2020-01-03 10:15:03.964  INFO 4008 --- [restartedMain] o.apache.catalina.core.StandardService   : Starting service [Tomcat]
2020-01-03 10:15:03.964  INFO 4008 --- [restartedMain] org.apache.catalina.core.StandardEngine  : Starting Servlet engine: [Apache Tomcat/9.0.26]
2020-01-03 10:15:03.975  INFO 4008 --- [restartedMain] o.a.c.c.C.[Tomcat].[localhost].[/]       : Initializing Spring embedded WebApplicationContext
2020-01-03 10:15:03.975  INFO 4008 --- [restartedMain] o.s.web.context.ContextLoader            : Root WebApplicationContext: initialization completed in 373 ms
2020-01-03 10:15:04.011  INFO 4008 --- [restartedMain] com.zaxxer.hikari.HikariDataSource       : HikariPool-2 - Starting...
2020-01-03 10:15:04.015  INFO 4008 --- [restartedMain] com.zaxxer.hikari.HikariDataSource       : HikariPool-2 - Start completed.
2020-01-03 10:15:04.015  INFO 4008 --- [restartedMain] o.f.c.internal.database.DatabaseFactory  : Database: jdbc:mysql://localhost:3306/dbinterviewtracker (MySQL 5.6)
2020-01-03 10:15:04.027  INFO 4008 --- [restartedMain] o.f.core.internal.command.DbValidate     : Successfully validated 1 migration (execution time 00:00.007s)
2020-01-03 10:15:04.033  INFO 4008 --- [restartedMain] o.f.core.internal.command.DbMigrate      : Current version of schema `dbinterviewtracker`: 1
2020-01-03 10:15:04.033  INFO 4008 --- [restartedMain] o.f.core.internal.command.DbMigrate      : Schema `dbinterviewtracker` is up to date. No migration necessary.
2020-01-03 10:15:04.057  INFO 4008 --- [restartedMain] o.hibernate.jpa.internal.util.LogHelper  : HHH000204: Processing PersistenceUnitInfo [
	name: default
	...]
2020-01-03 10:15:04.069  INFO 4008 --- [restartedMain] org.hibernate.dialect.Dialect            : HHH000400: Using dialect: org.hibernate.dialect.MySQL5InnoDBDialect
2020-01-03 10:15:04.204  INFO 4008 --- [restartedMain] j.LocalContainerEntityManagerFactoryBean : Initialized JPA EntityManagerFactory for persistence unit 'default'
2020-01-03 10:15:04.240  INFO 4008 --- [restartedMain] o.h.h.i.QueryTranslatorFactoryInitiator  : HHH000397: Using ASTQueryTranslatorFactory
2020-01-03 10:15:04.424  INFO 4008 --- [restartedMain] o.s.s.concurrent.ThreadPoolTaskExecutor  : Initializing ExecutorService 'applicationTaskExecutor'
2020-01-03 10:15:04.430  WARN 4008 --- [restartedMain] aWebConfiguration$JpaWebMvcConfiguration : spring.jpa.open-in-view is enabled by default. Therefore, database queries may be performed during view rendering. Explicitly configure spring.jpa.open-in-view to disable this warning
2020-01-03 10:15:04.482  INFO 4008 --- [restartedMain] o.s.b.d.a.OptionalLiveReloadServer       : LiveReload server is running on port 35729
2020-01-03 10:15:04.498  INFO 4008 --- [restartedMain] o.s.b.w.embedded.tomcat.TomcatWebServer  : Tomcat started on port(s): 8082 (http) with context path ''
2020-01-03 10:15:04.498  INFO 4008 --- [restartedMain] c.r.i.InterviewtrackingApplication       : Started InterviewtrackingApplication in 0.92 seconds (JVM running for 52.173)
2020-01-03 10:15:04.501  INFO 4008 --- [restartedMain] .ConditionEvaluationDeltaLoggingListener : Condition evaluation unchanged
2020-01-03 10:15:07.444  INFO 4008 --- [http-nio-8082-exec-2] o.a.c.c.C.[Tomcat].[localhost].[/]       : Initializing Spring DispatcherServlet 'dispatcherServlet'
2020-01-03 10:15:07.445  INFO 4008 --- [http-nio-8082-exec-2] o.s.web.servlet.DispatcherServlet        : Initializing Servlet 'dispatcherServlet'
2020-01-03 10:15:07.451  INFO 4008 --- [http-nio-8082-exec-2] o.s.web.servlet.DispatcherServlet        : Completed initialization in 6 ms
2020-01-03 10:15:07.463  INFO 4008 --- [http-nio-8082-exec-2] c.r.i.service.LoggingServiceImpl         : REQUEST method=[POST] path=[/candidate] headers=[{content-length=409, postman-token=5d699352-b9dc-4b6e-a733-64efb46da862, host=localhost:8082, content-type=application/json, connection=keep-alive, cache-control=no-cache, accept-encoding=gzip, deflate, user-agent=PostmanRuntime/7.21.0, accept=*/*}] body=[CandidateDto(id=0, name=dhanush, address=mangalore, dateOfBirth=1997-01-17, qualification=BE, totalExperience=0, experience=[2, 5, 2, 5], noticePeriod=3, salaryExpectation=45000.0, ableToRelocate=true, currentSalary=25000.0, skills=[c++, c, python, java], gender=M, phone=123456789, email=jokervrao@gmail.com, isDeleted=false, isShortListed=false, createTimestamp=null, updateTimestamp=null, uniqueId=12345678915, previousCompany=null, finalResult=null, attemptCount=0, carrierStartDate=null, applicantType=null, postApplied=null, referalId=null, event=canara, interviewId=null)]
2020-01-03 10:15:07.520  INFO 4008 --- [http-nio-8082-exec-2] c.r.i.service.LoggingServiceImpl         : RESPONSE method=[POST] path=[/candidate] responseHeaders=[{}] responseBody=[CandidateDto(id=7, name=dhanush, address=mangalore, dateOfBirth=1997-01-17, qualification=BE, totalExperience=0, experience=[2, 5, 2, 5], noticePeriod=3, salaryExpectation=45000.0, ableToRelocate=true, currentSalary=25000.0, skills=[c++, c, python, java], gender=M, phone=123456789, email=jokervrao@gmail.com, isDeleted=false, isShortListed=false, createTimestamp=2020-01-02 16:06:22.0, updateTimestamp=2020-01-03 10:15:07.476, uniqueId=12345678915, previousCompany=null, finalResult=null, attemptCount=0, carrierStartDate=null, applicantType=null, postApplied=null, referalId=null,null,null,null,null,null,null,null,null,null,null,null,null,null,null,null,null,null, event=canara, interviewId=null)] 
2020-01-03 10:16:01.344  INFO 4008 --- [Thread-10] o.s.s.concurrent.ThreadPoolTaskExecutor  : Shutting down ExecutorService 'applicationTaskExecutor'
2020-01-03 10:16:01.349  INFO 4008 --- [Thread-10] j.LocalContainerEntityManagerFactoryBean : Closing JPA EntityManagerFactory for persistence unit 'default'
2020-01-03 10:16:01.349  INFO 4008 --- [Thread-10] com.zaxxer.hikari.HikariDataSource       : HikariPool-2 - Shutdown initiated...
2020-01-03 10:16:01.357  INFO 4008 --- [Thread-10] com.zaxxer.hikari.HikariDataSource       : HikariPool-2 - Shutdown completed.
2020-01-03 10:16:01.615  INFO 4008 --- [restartedMain] c.r.i.InterviewtrackingApplication       : Starting InterviewtrackingApplication on Dhanush-W8 with PID 4008 (D:\Interview-Tracking\interviewtracking\bin\main started by Dhanush in D:\Interview-Tracking\interviewtracking)
2020-01-03 10:16:01.615  INFO 4008 --- [restartedMain] c.r.i.InterviewtrackingApplication       : No active profile set, falling back to default profiles: default
2020-01-03 10:16:01.823  INFO 4008 --- [restartedMain] .s.d.r.c.RepositoryConfigurationDelegate : Bootstrapping Spring Data repositories in DEFAULT mode.
2020-01-03 10:16:01.846  INFO 4008 --- [restartedMain] .s.d.r.c.RepositoryConfigurationDelegate : Finished Spring Data repository scanning in 23ms. Found 6 repository interfaces.
2020-01-03 10:16:01.918  INFO 4008 --- [restartedMain] trationDelegate$BeanPostProcessorChecker : Bean 'org.springframework.transaction.annotation.ProxyTransactionManagementConfiguration' of type [org.springframework.transaction.annotation.ProxyTransactionManagementConfiguration$$EnhancerBySpringCGLIB$$b6208805] is not eligible for getting processed by all BeanPostProcessors (for example: not eligible for auto-proxying)
2020-01-03 10:16:02.012  INFO 4008 --- [restartedMain] o.s.b.w.embedded.tomcat.TomcatWebServer  : Tomcat initialized with port(s): 8082 (http)
2020-01-03 10:16:02.013  INFO 4008 --- [restartedMain] o.apache.catalina.core.StandardService   : Starting service [Tomcat]
2020-01-03 10:16:02.013  INFO 4008 --- [restartedMain] org.apache.catalina.core.StandardEngine  : Starting Servlet engine: [Apache Tomcat/9.0.26]
2020-01-03 10:16:02.029  INFO 4008 --- [restartedMain] o.a.c.c.C.[Tomcat].[localhost].[/]       : Initializing Spring embedded WebApplicationContext
2020-01-03 10:16:02.030  INFO 4008 --- [restartedMain] o.s.web.context.ContextLoader            : Root WebApplicationContext: initialization completed in 413 ms
2020-01-03 10:16:02.063  INFO 4008 --- [restartedMain] com.zaxxer.hikari.HikariDataSource       : HikariPool-3 - Starting...
2020-01-03 10:16:02.070  INFO 4008 --- [restartedMain] com.zaxxer.hikari.HikariDataSource       : HikariPool-3 - Start completed.
2020-01-03 10:16:02.071  INFO 4008 --- [restartedMain] o.f.c.internal.database.DatabaseFactory  : Database: jdbc:mysql://localhost:3306/dbinterviewtracker (MySQL 5.6)
2020-01-03 10:16:02.084  INFO 4008 --- [restartedMain] o.f.core.internal.command.DbValidate     : Successfully validated 1 migration (execution time 00:00.008s)
2020-01-03 10:16:02.092  INFO 4008 --- [restartedMain] o.f.core.internal.command.DbMigrate      : Current version of schema `dbinterviewtracker`: 1
2020-01-03 10:16:02.093  INFO 4008 --- [restartedMain] o.f.core.internal.command.DbMigrate      : Schema `dbinterviewtracker` is up to date. No migration necessary.
2020-01-03 10:16:02.119  INFO 4008 --- [restartedMain] o.hibernate.jpa.internal.util.LogHelper  : HHH000204: Processing PersistenceUnitInfo [
	name: default
	...]
2020-01-03 10:16:02.131  INFO 4008 --- [restartedMain] org.hibernate.dialect.Dialect            : HHH000400: Using dialect: org.hibernate.dialect.MySQL5InnoDBDialect
2020-01-03 10:16:02.268  INFO 4008 --- [restartedMain] j.LocalContainerEntityManagerFactoryBean : Initialized JPA EntityManagerFactory for persistence unit 'default'
2020-01-03 10:16:02.299  INFO 4008 --- [restartedMain] o.h.h.i.QueryTranslatorFactoryInitiator  : HHH000397: Using ASTQueryTranslatorFactory
2020-01-03 10:16:02.453  INFO 4008 --- [restartedMain] o.s.s.concurrent.ThreadPoolTaskExecutor  : Initializing ExecutorService 'applicationTaskExecutor'
2020-01-03 10:16:02.457  WARN 4008 --- [restartedMain] aWebConfiguration$JpaWebMvcConfiguration : spring.jpa.open-in-view is enabled by default. Therefore, database queries may be performed during view rendering. Explicitly configure spring.jpa.open-in-view to disable this warning
2020-01-03 10:16:02.506  INFO 4008 --- [restartedMain] o.s.b.d.a.OptionalLiveReloadServer       : LiveReload server is running on port 35729
2020-01-03 10:16:02.523  INFO 4008 --- [restartedMain] o.s.b.w.embedded.tomcat.TomcatWebServer  : Tomcat started on port(s): 8082 (http) with context path ''
2020-01-03 10:16:02.524  INFO 4008 --- [restartedMain] c.r.i.InterviewtrackingApplication       : Started InterviewtrackingApplication in 0.93 seconds (JVM running for 110.199)
2020-01-03 10:16:02.525  INFO 4008 --- [restartedMain] .ConditionEvaluationDeltaLoggingListener : Condition evaluation unchanged
2020-01-03 10:17:45.775  INFO 4008 --- [Thread-16] o.s.s.concurrent.ThreadPoolTaskExecutor  : Shutting down ExecutorService 'applicationTaskExecutor'
2020-01-03 10:17:45.782  INFO 4008 --- [Thread-16] j.LocalContainerEntityManagerFactoryBean : Closing JPA EntityManagerFactory for persistence unit 'default'
2020-01-03 10:17:45.784  INFO 4008 --- [Thread-16] com.zaxxer.hikari.HikariDataSource       : HikariPool-3 - Shutdown initiated...
2020-01-03 10:17:45.802  INFO 4008 --- [Thread-16] com.zaxxer.hikari.HikariDataSource       : HikariPool-3 - Shutdown completed.
2020-01-03 10:17:46.072  INFO 4008 --- [restartedMain] c.r.i.InterviewtrackingApplication       : Starting InterviewtrackingApplication on Dhanush-W8 with PID 4008 (D:\Interview-Tracking\interviewtracking\bin\main started by Dhanush in D:\Interview-Tracking\interviewtracking)
2020-01-03 10:17:46.072  INFO 4008 --- [restartedMain] c.r.i.InterviewtrackingApplication       : No active profile set, falling back to default profiles: default
2020-01-03 10:17:46.242  INFO 4008 --- [restartedMain] .s.d.r.c.RepositoryConfigurationDelegate : Bootstrapping Spring Data repositories in DEFAULT mode.
2020-01-03 10:17:46.264  INFO 4008 --- [restartedMain] .s.d.r.c.RepositoryConfigurationDelegate : Finished Spring Data repository scanning in 21ms. Found 6 repository interfaces.
2020-01-03 10:17:46.311  INFO 4008 --- [restartedMain] trationDelegate$BeanPostProcessorChecker : Bean 'org.springframework.transaction.annotation.ProxyTransactionManagementConfiguration' of type [org.springframework.transaction.annotation.ProxyTransactionManagementConfiguration$$EnhancerBySpringCGLIB$$b6208805] is not eligible for getting processed by all BeanPostProcessors (for example: not eligible for auto-proxying)
2020-01-03 10:17:46.386  INFO 4008 --- [restartedMain] o.s.b.w.embedded.tomcat.TomcatWebServer  : Tomcat initialized with port(s): 8082 (http)
2020-01-03 10:17:46.387  INFO 4008 --- [restartedMain] o.apache.catalina.core.StandardService   : Starting service [Tomcat]
2020-01-03 10:17:46.387  INFO 4008 --- [restartedMain] org.apache.catalina.core.StandardEngine  : Starting Servlet engine: [Apache Tomcat/9.0.26]
2020-01-03 10:17:46.396  INFO 4008 --- [restartedMain] o.a.c.c.C.[Tomcat].[localhost].[/]       : Initializing Spring embedded WebApplicationContext
2020-01-03 10:17:46.396  INFO 4008 --- [restartedMain] o.s.web.context.ContextLoader            : Root WebApplicationContext: initialization completed in 322 ms
2020-01-03 10:17:46.427  INFO 4008 --- [restartedMain] com.zaxxer.hikari.HikariDataSource       : HikariPool-4 - Starting...
2020-01-03 10:17:46.431  INFO 4008 --- [restartedMain] com.zaxxer.hikari.HikariDataSource       : HikariPool-4 - Start completed.
2020-01-03 10:17:46.431  INFO 4008 --- [restartedMain] o.f.c.internal.database.DatabaseFactory  : Database: jdbc:mysql://localhost:3306/dbinterviewtracker (MySQL 5.6)
2020-01-03 10:17:46.441  INFO 4008 --- [restartedMain] o.f.core.internal.command.DbValidate     : Successfully validated 1 migration (execution time 00:00.005s)
2020-01-03 10:17:46.447  INFO 4008 --- [restartedMain] o.f.core.internal.command.DbMigrate      : Current version of schema `dbinterviewtracker`: 1
2020-01-03 10:17:46.448  INFO 4008 --- [restartedMain] o.f.core.internal.command.DbMigrate      : Schema `dbinterviewtracker` is up to date. No migration necessary.
2020-01-03 10:17:46.468  INFO 4008 --- [restartedMain] o.hibernate.jpa.internal.util.LogHelper  : HHH000204: Processing PersistenceUnitInfo [
	name: default
	...]
2020-01-03 10:17:46.476  INFO 4008 --- [restartedMain] org.hibernate.dialect.Dialect            : HHH000400: Using dialect: org.hibernate.dialect.MySQL5InnoDBDialect
2020-01-03 10:17:46.563  INFO 4008 --- [restartedMain] j.LocalContainerEntityManagerFactoryBean : Initialized JPA EntityManagerFactory for persistence unit 'default'
2020-01-03 10:17:46.592  INFO 4008 --- [restartedMain] o.h.h.i.QueryTranslatorFactoryInitiator  : HHH000397: Using ASTQueryTranslatorFactory
2020-01-03 10:17:46.713  INFO 4008 --- [restartedMain] o.s.s.concurrent.ThreadPoolTaskExecutor  : Initializing ExecutorService 'applicationTaskExecutor'
2020-01-03 10:17:46.719  WARN 4008 --- [restartedMain] aWebConfiguration$JpaWebMvcConfiguration : spring.jpa.open-in-view is enabled by default. Therefore, database queries may be performed during view rendering. Explicitly configure spring.jpa.open-in-view to disable this warning
2020-01-03 10:17:46.767  INFO 4008 --- [restartedMain] o.s.b.d.a.OptionalLiveReloadServer       : LiveReload server is running on port 35729
2020-01-03 10:17:46.780  INFO 4008 --- [restartedMain] o.s.b.w.embedded.tomcat.TomcatWebServer  : Tomcat started on port(s): 8082 (http) with context path ''
2020-01-03 10:17:46.781  INFO 4008 --- [restartedMain] c.r.i.InterviewtrackingApplication       : Started InterviewtrackingApplication in 0.727 seconds (JVM running for 214.457)
2020-01-03 10:17:46.783  INFO 4008 --- [restartedMain] .ConditionEvaluationDeltaLoggingListener : Condition evaluation unchanged
2020-01-03 13:35:29.733  WARN 4008 --- [HikariPool-4 housekeeper] com.zaxxer.hikari.pool.HikariPool        : HikariPool-4 - Thread starvation or clock leap detected (housekeeper delta=15m12s936ms535µs880ns).
2020-01-03 14:48:27.554  WARN 4008 --- [HikariPool-4 housekeeper] com.zaxxer.hikari.pool.HikariPool        : HikariPool-4 - Thread starvation or clock leap detected (housekeeper delta=8m57s757ms194µs651ns).
2020-01-03 16:24:02.743  WARN 4008 --- [HikariPool-4 housekeeper] com.zaxxer.hikari.pool.HikariPool        : HikariPool-4 - Thread starvation or clock leap detected (housekeeper delta=57m4s995ms521µs150ns).
